HOST: 172.16.0.5

=== USER AUDIT ===

USER=root
UID=0
HOME=/root
SHELL=/bin/bash
IS_ROOT=YES
IS_SYSTEM=YES
NO_LOGIN=NO
HOME_VALID=YES
----------------------------------------

USER=daemon
UID=1
HOME=/usr/sbin
SHELL=/usr/sbin/nologin
IS_ROOT=NO
IS_SYSTEM=YES
NO_LOGIN=YES
HOME_VALID=YES
----------------------------------------

USER=bin
UID=2
HOME=/bin
SHELL=/usr/sbin/nologin
IS_ROOT=NO
IS_SYSTEM=YES
NO_LOGIN=YES
HOME_VALID=YES
----------------------------------------

USER=sys
UID=3
HOME=/dev
SHELL=/usr/sbin/nologin
IS_ROOT=NO
IS_SYSTEM=YES
NO_LOGIN=YES
HOME_VALID=YES
----------------------------------------

USER=sync
UID=4
HOME=/bin
SHELL=/bin/sync
IS_ROOT=NO
IS_SYSTEM=YES
NO_LOGIN=NO
HOME_VALID=YES
----------------------------------------

USER=games
UID=5
HOME=/usr/games
SHELL=/usr/sbin/nologin
IS_ROOT=NO
IS_SYSTEM=YES
NO_LOGIN=YES
HOME_VALID=YES
----------------------------------------

USER=man
UID=6
HOME=/var/cache/man
SHELL=/usr/sbin/nologin
IS_ROOT=NO
IS_SYSTEM=YES
NO_LOGIN=YES
HOME_VALID=YES
----------------------------------------

USER=lp
UID=7
HOME=/var/spool/lpd
SHELL=/usr/sbin/nologin
IS_ROOT=NO
IS_SYSTEM=YES
NO_LOGIN=YES
HOME_VALID=YES
----------------------------------------

USER=mail
UID=8
HOME=/var/mail
SHELL=/usr/sbin/nologin
IS_ROOT=NO
IS_SYSTEM=YES
NO_LOGIN=YES
HOME_VALID=YES
----------------------------------------

USER=news
UID=9
HOME=/var/spool/news
SHELL=/usr/sbin/nologin
IS_ROOT=NO
IS_SYSTEM=YES
NO_LOGIN=YES
HOME_VALID=YES
----------------------------------------

USER=uucp
UID=10
HOME=/var/spool/uucp
SHELL=/usr/sbin/nologin
IS_ROOT=NO
IS_SYSTEM=YES
NO_LOGIN=YES
HOME_VALID=YES
----------------------------------------

USER=proxy
UID=13
HOME=/bin
SHELL=/usr/sbin/nologin
IS_ROOT=NO
IS_SYSTEM=YES
NO_LOGIN=YES
HOME_VALID=YES
----------------------------------------

USER=www-data
UID=33
HOME=/var/www
SHELL=/usr/sbin/nologin
IS_ROOT=NO
IS_SYSTEM=YES
NO_LOGIN=YES
HOME_VALID=YES
----------------------------------------

USER=backup
UID=34
HOME=/var/backups
SHELL=/usr/sbin/nologin
IS_ROOT=NO
IS_SYSTEM=YES
NO_LOGIN=YES
HOME_VALID=YES
----------------------------------------

USER=list
UID=38
HOME=/var/list
SHELL=/usr/sbin/nologin
IS_ROOT=NO
IS_SYSTEM=YES
NO_LOGIN=YES
HOME_VALID=YES
----------------------------------------

USER=irc
UID=39
HOME=/run/ircd
SHELL=/usr/sbin/nologin
IS_ROOT=NO
IS_SYSTEM=YES
NO_LOGIN=YES
HOME_VALID=YES
----------------------------------------

USER=_apt
UID=42
HOME=/nonexistent
SHELL=/usr/sbin/nologin
IS_ROOT=NO
IS_SYSTEM=YES
NO_LOGIN=YES
HOME_VALID=YES
----------------------------------------

USER=nobody
UID=65534
HOME=/nonexistent
SHELL=/usr/sbin/nologin
IS_ROOT=NO
IS_SYSTEM=NO
NO_LOGIN=YES
HOME_VALID=YES
----------------------------------------

USER=ubuntu
UID=1000
HOME=/home/ubuntu
SHELL=/bin/bash
IS_ROOT=NO
IS_SYSTEM=NO
NO_LOGIN=NO
HOME_VALID=YES
----------------------------------------

USER=systemd-network
UID=998
HOME=/
SHELL=/usr/sbin/nologin
IS_ROOT=NO
IS_SYSTEM=YES
NO_LOGIN=YES
HOME_VALID=YES
----------------------------------------

USER=systemd-timesync
UID=997
HOME=/
SHELL=/usr/sbin/nologin
IS_ROOT=NO
IS_SYSTEM=YES
NO_LOGIN=YES
HOME_VALID=YES
----------------------------------------

USER=messagebus
UID=100
HOME=/nonexistent
SHELL=/usr/sbin/nologin
IS_ROOT=NO
IS_SYSTEM=YES
NO_LOGIN=YES
HOME_VALID=YES
----------------------------------------

USER=systemd-resolve
UID=992
HOME=/
SHELL=/usr/sbin/nologin
IS_ROOT=NO
IS_SYSTEM=YES
NO_LOGIN=YES
HOME_VALID=YES
----------------------------------------

USER=sshd
UID=101
HOME=/run/sshd
SHELL=/usr/sbin/nologin
IS_ROOT=NO
IS_SYSTEM=YES
NO_LOGIN=YES
HOME_VALID=YES
----------------------------------------

USER=laborant
UID=1001
HOME=/home/laborant
SHELL=/bin/bash
IS_ROOT=NO
IS_SYSTEM=NO
NO_LOGIN=NO
HOME_VALID=YES
----------------------------------------

USER=setup
UID=1002
HOME=/home/setup
SHELL=/bin/bash
IS_ROOT=NO
IS_SYSTEM=NO
NO_LOGIN=NO
HOME_VALID=YES
----------------------------------------

USER=node_exporter
UID=999
HOME=/home/node_exporter
SHELL=/bin/false
IS_ROOT=NO
IS_SYSTEM=YES
NO_LOGIN=YES
HOME_VALID=YES
----------------------------------------


=== CHRONY ===
NOT_FOUND

=== JAVA ===
PID=1149 USER=root XMX=-Xmx[^ CMD=/bin/sh -c if pgrep -fa java >/dev/null 2>&1; then   pgrep -fa java | while read -r line; do     pid=$(echo "$line" | awk '{print $1}')     cmd=$(echo "$line" | cut -d' ' -f2-)     juser=$(ps -o user= -p "$pid" 2>/dev/null | xargs)     xmx=$(echo "$cmd" | grep -oE -- '-Xmx[^ ]+' | head -n1)     echo "PID=$pid USER=${juser:-unknown} XMX=${xmx:-N/A} CMD=$cmd"   done else   echo "NO_JAVA" fi
PID=1152 USER=root XMX=-Xmx[^ CMD=/bin/sh -c if pgrep -fa java >/dev/null 2>&1; then   pgrep -fa java | while read -r line; do     pid=$(echo "$line" | awk '{print $1}')     cmd=$(echo "$line" | cut -d' ' -f2-)     juser=$(ps -o user= -p "$pid" 2>/dev/null | xargs)     xmx=$(echo "$cmd" | grep -oE -- '-Xmx[^ ]+' | head -n1)     echo "PID=$pid USER=${juser:-unknown} XMX=${xmx:-N/A} CMD=$cmd"   done else   echo "NO_JAVA" fi

=== UFW ===
UFW_NOT_FOUND

=== KESL ===
root        1228    1227  0 08:39 pts/2    00:00:00 /bin/sh -c systemctl status kesl --no-pager -l 2>/dev/null || ps -ef | grep -i '[k]esl' || echo "KESL_NOT_FOUND" 

=== DATA ===
--- FSTAB ---
NO_FSTAB_DATA
--- MOUNT ---
NO_MOUNT_DATA
