2026-04-07 03:29:53,247 p=2279 u=setup n=ansible | [WARNING]: Invalid characters were found in group names but not replaced, use -vvvv to see details

2026-04-07 03:29:53,346 p=2279 u=setup n=ansible | PLAY [Audit system users + service checks] ********************************************************************************************************************************************************
2026-04-07 03:29:53,349 p=2279 u=setup n=ansible | TASK [Ensure reports directory exists] ************************************************************************************************************************************************************
2026-04-07 03:29:53,357 p=2279 u=setup n=ansible | fatal: [node-2 -> localhost]: FAILED! => 
  msg: |-
    The task includes an option with an undefined variable. The error was: 'matched_group' is undefined. 'matched_group' is undefined
  
    The error appears to be in '/home/setup/ansible-checklogs/quick_check.yml': line 8, column 7, but may
    be elsewhere in the file depending on the exact syntax problem.
  
    The offending line appears to be:
  
      pre_tasks:
        - name: Ensure reports directory exists
          ^ here
2026-04-07 03:29:53,357 p=2279 u=setup n=ansible | NO MORE HOSTS LEFT ********************************************************************************************************************************************************************************
2026-04-07 03:29:53,358 p=2279 u=setup n=ansible | PLAY RECAP ****************************************************************************************************************************************************************************************
2026-04-07 03:29:53,358 p=2279 u=setup n=ansible | node-2                     : ok=0    changed=0    unreachable=0    failed=1    skipped=0    rescued=0    ignored=0   
2026-04-07 03:34:07,887 p=3107 u=setup n=ansible | [WARNING]: Invalid characters were found in group names but not replaced, use -vvvv to see details

2026-04-07 03:34:07,986 p=3107 u=setup n=ansible | PLAY [Audit system users + service checks] ********************************************************************************************************************************************************
2026-04-07 03:34:07,989 p=3107 u=setup n=ansible | TASK [Ensure reports root directory exists] *******************************************************************************************************************************************************
2026-04-07 03:34:08,157 p=3107 u=setup n=ansible | ok: [node-2 -> localhost]
2026-04-07 03:34:08,159 p=3107 u=setup n=ansible | TASK [Create report directories for all service groups] *******************************************************************************************************************************************
2026-04-07 03:34:08,276 p=3107 u=setup n=ansible | changed: [node-2 -> localhost] => (item=canal)
2026-04-07 03:34:08,365 p=3107 u=setup n=ansible | changed: [node-2 -> localhost] => (item=datax)
2026-04-07 03:34:08,456 p=3107 u=setup n=ansible | changed: [node-2 -> localhost] => (item=dophin-scheduler)
2026-04-07 03:34:08,458 p=3107 u=setup n=ansible | TASK [Ensure reports root directory exists] *******************************************************************************************************************************************************
2026-04-07 03:34:08,562 p=3107 u=setup n=ansible | ok: [node-2 -> localhost]
2026-04-07 03:34:08,564 p=3107 u=setup n=ansible | TASK [Ensure logs directory exists] ***************************************************************************************************************************************************************
2026-04-07 03:34:08,665 p=3107 u=setup n=ansible | changed: [node-2 -> localhost]
2026-04-07 03:34:08,666 p=3107 u=setup n=ansible | TASK [Resolve matched group from inventory groups] ************************************************************************************************************************************************
2026-04-07 03:34:08,686 p=3107 u=setup n=ansible | ok: [node-2]
2026-04-07 03:34:08,708 p=3107 u=setup n=ansible | ok: [node-4]
2026-04-07 03:34:08,711 p=3107 u=setup n=ansible | ok: [node-1]
2026-04-07 03:34:08,715 p=3107 u=setup n=ansible | ok: [node-3]
2026-04-07 03:34:08,717 p=3107 u=setup n=ansible | TASK [Fail if no service mapping found] ***********************************************************************************************************************************************************
2026-04-07 03:34:08,724 p=3107 u=setup n=ansible | skipping: [node-2]
2026-04-07 03:34:08,728 p=3107 u=setup n=ansible | skipping: [node-4]
2026-04-07 03:34:08,735 p=3107 u=setup n=ansible | skipping: [node-1]
2026-04-07 03:34:08,736 p=3107 u=setup n=ansible | skipping: [node-3]
2026-04-07 03:34:08,737 p=3107 u=setup n=ansible | TASK [Ensure report subdirectory for group exists] ************************************************************************************************************************************************
2026-04-07 03:34:08,914 p=3107 u=setup n=ansible | ok: [node-1 -> localhost]
2026-04-07 03:34:08,987 p=3107 u=setup n=ansible | ok: [node-4 -> localhost]
2026-04-07 03:34:08,993 p=3107 u=setup n=ansible | ok: [node-2 -> localhost]
2026-04-07 03:34:09,011 p=3107 u=setup n=ansible | ok: [node-3 -> localhost]
2026-04-07 03:34:09,012 p=3107 u=setup n=ansible | TASK [Set target service variables] ***************************************************************************************************************************************************************
2026-04-07 03:34:09,021 p=3107 u=setup n=ansible | ok: [node-2]
2026-04-07 03:34:09,029 p=3107 u=setup n=ansible | ok: [node-3]
2026-04-07 03:34:09,032 p=3107 u=setup n=ansible | ok: [node-4]
2026-04-07 03:34:09,033 p=3107 u=setup n=ansible | ok: [node-1]
2026-04-07 03:34:09,036 p=3107 u=setup n=ansible | TASK [Get last 5 nologin users] *******************************************************************************************************************************************************************
2026-04-07 03:34:09,355 p=3107 u=setup n=ansible | ok: [node-1]
2026-04-07 03:34:09,576 p=3107 u=setup n=ansible | ok: [node-4]
2026-04-07 03:34:09,615 p=3107 u=setup n=ansible | ok: [node-2]
2026-04-07 03:34:09,622 p=3107 u=setup n=ansible | ok: [node-3]
2026-04-07 03:34:09,623 p=3107 u=setup n=ansible | TASK [Check target service runtime info] **********************************************************************************************************************************************************
2026-04-07 03:34:10,253 p=3107 u=setup n=ansible | ok: [node-1]
2026-04-07 03:34:10,300 p=3107 u=setup n=ansible | ok: [node-2]
2026-04-07 03:34:10,304 p=3107 u=setup n=ansible | ok: [node-4]
2026-04-07 03:34:10,318 p=3107 u=setup n=ansible | ok: [node-3]
2026-04-07 03:34:10,319 p=3107 u=setup n=ansible | TASK [Set target service failed flag] *************************************************************************************************************************************************************
2026-04-07 03:34:10,344 p=3107 u=setup n=ansible | ok: [node-2]
2026-04-07 03:34:10,354 p=3107 u=setup n=ansible | ok: [node-1]
2026-04-07 03:34:10,357 p=3107 u=setup n=ansible | ok: [node-4]
2026-04-07 03:34:10,360 p=3107 u=setup n=ansible | ok: [node-3]
2026-04-07 03:34:10,361 p=3107 u=setup n=ansible | TASK [Check chrony] *******************************************************************************************************************************************************************************
2026-04-07 03:34:10,816 p=3107 u=setup n=ansible | ok: [node-4]
2026-04-07 03:34:10,819 p=3107 u=setup n=ansible | ok: [node-2]
2026-04-07 03:34:10,835 p=3107 u=setup n=ansible | ok: [node-3]
2026-04-07 03:34:10,981 p=3107 u=setup n=ansible | ok: [node-1]
2026-04-07 03:34:10,981 p=3107 u=setup n=ansible | TASK [Set chrony failed flag] *********************************************************************************************************************************************************************
2026-04-07 03:34:11,005 p=3107 u=setup n=ansible | ok: [node-3]
2026-04-07 03:34:11,013 p=3107 u=setup n=ansible | ok: [node-2]
2026-04-07 03:34:11,015 p=3107 u=setup n=ansible | ok: [node-1]
2026-04-07 03:34:11,021 p=3107 u=setup n=ansible | ok: [node-4]
2026-04-07 03:34:11,022 p=3107 u=setup n=ansible | TASK [Check java processes] ***********************************************************************************************************************************************************************
2026-04-07 03:34:11,175 p=3107 u=setup n=ansible | ok: [node-1]
2026-04-07 03:34:11,230 p=3107 u=setup n=ansible | ok: [node-3]
2026-04-07 03:34:11,237 p=3107 u=setup n=ansible | ok: [node-2]
2026-04-07 03:34:11,243 p=3107 u=setup n=ansible | ok: [node-4]
2026-04-07 03:34:11,244 p=3107 u=setup n=ansible | TASK [Check ufw] **********************************************************************************************************************************************************************************
2026-04-07 03:34:11,401 p=3107 u=setup n=ansible | ok: [node-1]
2026-04-07 03:34:11,510 p=3107 u=setup n=ansible | ok: [node-2]
2026-04-07 03:34:11,514 p=3107 u=setup n=ansible | ok: [node-3]
2026-04-07 03:34:11,521 p=3107 u=setup n=ansible | ok: [node-4]
2026-04-07 03:34:11,522 p=3107 u=setup n=ansible | TASK [Check kesl] *********************************************************************************************************************************************************************************
2026-04-07 03:34:11,907 p=3107 u=setup n=ansible | ok: [node-1]
2026-04-07 03:34:11,963 p=3107 u=setup n=ansible | ok: [node-2]
2026-04-07 03:34:11,970 p=3107 u=setup n=ansible | ok: [node-4]
2026-04-07 03:34:11,978 p=3107 u=setup n=ansible | ok: [node-3]
2026-04-07 03:34:11,979 p=3107 u=setup n=ansible | TASK [Set kesl failed flag] ***********************************************************************************************************************************************************************
2026-04-07 03:34:11,996 p=3107 u=setup n=ansible | ok: [node-2]
2026-04-07 03:34:12,012 p=3107 u=setup n=ansible | ok: [node-3]
2026-04-07 03:34:12,018 p=3107 u=setup n=ansible | ok: [node-4]
2026-04-07 03:34:12,024 p=3107 u=setup n=ansible | ok: [node-1]
2026-04-07 03:34:12,026 p=3107 u=setup n=ansible | TASK [Check /data] ********************************************************************************************************************************************************************************
2026-04-07 03:34:12,175 p=3107 u=setup n=ansible | ok: [node-1]
2026-04-07 03:34:12,225 p=3107 u=setup n=ansible | ok: [node-2]
2026-04-07 03:34:12,237 p=3107 u=setup n=ansible | ok: [node-3]
2026-04-07 03:34:12,240 p=3107 u=setup n=ansible | ok: [node-4]
2026-04-07 03:34:12,241 p=3107 u=setup n=ansible | TASK [Set data failed flag] ***********************************************************************************************************************************************************************
2026-04-07 03:34:12,267 p=3107 u=setup n=ansible | ok: [node-2]
2026-04-07 03:34:12,276 p=3107 u=setup n=ansible | ok: [node-1]
2026-04-07 03:34:12,283 p=3107 u=setup n=ansible | ok: [node-3]
2026-04-07 03:34:12,283 p=3107 u=setup n=ansible | ok: [node-4]
2026-04-07 03:34:12,284 p=3107 u=setup n=ansible | TASK [Build final report] *************************************************************************************************************************************************************************
2026-04-07 03:34:12,315 p=3107 u=setup n=ansible | ok: [node-2]
2026-04-07 03:34:12,321 p=3107 u=setup n=ansible | ok: [node-3]
2026-04-07 03:34:12,327 p=3107 u=setup n=ansible | ok: [node-1]
2026-04-07 03:34:12,328 p=3107 u=setup n=ansible | ok: [node-4]
2026-04-07 03:34:12,330 p=3107 u=setup n=ansible | TASK [Save report] ********************************************************************************************************************************************************************************
2026-04-07 03:34:12,833 p=3107 u=setup n=ansible | changed: [node-4 -> localhost]
2026-04-07 03:34:12,840 p=3107 u=setup n=ansible | changed: [node-3 -> localhost]
2026-04-07 03:34:12,841 p=3107 u=setup n=ansible | changed: [node-2 -> localhost]
2026-04-07 03:34:12,846 p=3107 u=setup n=ansible | changed: [node-1 -> localhost]
2026-04-07 03:34:12,847 p=3107 u=setup n=ansible | TASK [Show report path] ***************************************************************************************************************************************************************************
2026-04-07 03:34:12,864 p=3107 u=setup n=ansible | ok: [node-2] => 
  msg: 'Saved: ./reports/canal/172.16.0.3.log'
2026-04-07 03:34:12,879 p=3107 u=setup n=ansible | ok: [node-4] => 
  msg: 'Saved: ./reports/datax/172.16.0.5.log'
2026-04-07 03:34:12,887 p=3107 u=setup n=ansible | ok: [node-3] => 
  msg: 'Saved: ./reports/canal/172.16.0.4.log'
2026-04-07 03:34:12,889 p=3107 u=setup n=ansible | ok: [node-1] => 
  msg: 'Saved: ./reports/dophin-scheduler/node-1.log'
2026-04-07 03:34:12,890 p=3107 u=setup n=ansible | TASK [Fail at end if mandatory checks are not compliant] ******************************************************************************************************************************************
2026-04-07 03:34:12,911 p=3107 u=setup n=ansible | fatal: [node-3]: FAILED! => changed=false 
  msg: |-
    Compliance check failed on node-3.
    target_service_failed=True
    chrony_failed=False
    kesl_failed=False
    data_failed=True
2026-04-07 03:34:12,927 p=3107 u=setup n=ansible | fatal: [node-1]: FAILED! => changed=false 
  msg: |-
    Compliance check failed on node-1.
    target_service_failed=True
    chrony_failed=True
    kesl_failed=True
    data_failed=True
2026-04-07 03:34:12,935 p=3107 u=setup n=ansible | fatal: [node-4]: FAILED! => changed=false 
  msg: |-
    Compliance check failed on node-4.
    target_service_failed=True
    chrony_failed=False
    kesl_failed=False
    data_failed=True
2026-04-07 03:34:12,937 p=3107 u=setup n=ansible | fatal: [node-2]: FAILED! => changed=false 
  msg: |-
    Compliance check failed on node-2.
    target_service_failed=True
    chrony_failed=False
    kesl_failed=False
    data_failed=True
2026-04-07 03:34:12,937 p=3107 u=setup n=ansible | PLAY RECAP ****************************************************************************************************************************************************************************************
2026-04-07 03:34:12,937 p=3107 u=setup n=ansible | node-1                     : ok=17   changed=1    unreachable=0    failed=1    skipped=1    rescued=0    ignored=0   
2026-04-07 03:34:12,938 p=3107 u=setup n=ansible | node-2                     : ok=21   changed=3    unreachable=0    failed=1    skipped=1    rescued=0    ignored=0   
2026-04-07 03:34:12,938 p=3107 u=setup n=ansible | node-3                     : ok=17   changed=1    unreachable=0    failed=1    skipped=1    rescued=0    ignored=0   
2026-04-07 03:34:12,938 p=3107 u=setup n=ansible | node-4                     : ok=17   changed=1    unreachable=0    failed=1    skipped=1    rescued=0    ignored=0   
2026-04-07 04:26:26,453 p=13898 u=setup n=ansible | [WARNING]: Invalid characters were found in group names but not replaced, use -vvvv to see details

2026-04-07 04:26:26,557 p=13898 u=setup n=ansible | PLAY [Audit system users + service checks] ********************************************************************************************************************************************************
2026-04-07 04:26:26,560 p=13898 u=setup n=ansible | TASK [Ensure reports root directory exists] *******************************************************************************************************************************************************
2026-04-07 04:26:26,716 p=13898 u=setup n=ansible | ok: [node-2 -> localhost]
2026-04-07 04:26:26,717 p=13898 u=setup n=ansible | TASK [Create report directories for all service groups] *******************************************************************************************************************************************
2026-04-07 04:26:26,825 p=13898 u=setup n=ansible | ok: [node-2 -> localhost] => (item=canal)
2026-04-07 04:26:26,913 p=13898 u=setup n=ansible | ok: [node-2 -> localhost] => (item=datax)
2026-04-07 04:26:27,003 p=13898 u=setup n=ansible | ok: [node-2 -> localhost] => (item=dophin-scheduler)
2026-04-07 04:26:27,006 p=13898 u=setup n=ansible | TASK [Ensure reports root directory exists] *******************************************************************************************************************************************************
2026-04-07 04:26:27,114 p=13898 u=setup n=ansible | ok: [node-2 -> localhost]
2026-04-07 04:26:27,115 p=13898 u=setup n=ansible | TASK [Ensure logs directory exists] ***************************************************************************************************************************************************************
2026-04-07 04:26:27,219 p=13898 u=setup n=ansible | ok: [node-2 -> localhost]
2026-04-07 04:26:27,220 p=13898 u=setup n=ansible | TASK [Resolve matched group from inventory groups] ************************************************************************************************************************************************
2026-04-07 04:26:27,238 p=13898 u=setup n=ansible | ok: [node-2]
2026-04-07 04:26:27,255 p=13898 u=setup n=ansible | ok: [node-4]
2026-04-07 04:26:27,260 p=13898 u=setup n=ansible | ok: [node-3]
2026-04-07 04:26:27,262 p=13898 u=setup n=ansible | ok: [node-1]
2026-04-07 04:26:27,263 p=13898 u=setup n=ansible | TASK [Fail if no service mapping found] ***********************************************************************************************************************************************************
2026-04-07 04:26:27,270 p=13898 u=setup n=ansible | skipping: [node-2]
2026-04-07 04:26:27,274 p=13898 u=setup n=ansible | skipping: [node-4]
2026-04-07 04:26:27,276 p=13898 u=setup n=ansible | skipping: [node-3]
2026-04-07 04:26:27,282 p=13898 u=setup n=ansible | skipping: [node-1]
2026-04-07 04:26:27,283 p=13898 u=setup n=ansible | TASK [Ensure report subdirectory for group exists] ************************************************************************************************************************************************
2026-04-07 04:26:27,505 p=13898 u=setup n=ansible | ok: [node-4 -> localhost]
2026-04-07 04:26:27,509 p=13898 u=setup n=ansible | ok: [node-3 -> localhost]
2026-04-07 04:26:27,510 p=13898 u=setup n=ansible | ok: [node-2 -> localhost]
2026-04-07 04:26:27,546 p=13898 u=setup n=ansible | ok: [node-1 -> localhost]
2026-04-07 04:26:27,547 p=13898 u=setup n=ansible | TASK [Set target service variables] ***************************************************************************************************************************************************************
2026-04-07 04:26:27,556 p=13898 u=setup n=ansible | ok: [node-2]
2026-04-07 04:26:27,564 p=13898 u=setup n=ansible | ok: [node-1]
2026-04-07 04:26:27,567 p=13898 u=setup n=ansible | ok: [node-4]
2026-04-07 04:26:27,571 p=13898 u=setup n=ansible | ok: [node-3]
2026-04-07 04:26:27,572 p=13898 u=setup n=ansible | TASK [Check expected service user exists] *********************************************************************************************************************************************************
2026-04-07 04:26:27,837 p=13898 u=setup n=ansible | ok: [node-1]
2026-04-07 04:26:28,057 p=13898 u=setup n=ansible | ok: [node-2]
2026-04-07 04:26:28,070 p=13898 u=setup n=ansible | ok: [node-4]
2026-04-07 04:26:28,089 p=13898 u=setup n=ansible | ok: [node-3]
2026-04-07 04:26:28,092 p=13898 u=setup n=ansible | TASK [Check target service runtime info] **********************************************************************************************************************************************************
2026-04-07 04:26:28,702 p=13898 u=setup n=ansible | ok: [node-1]
2026-04-07 04:26:28,757 p=13898 u=setup n=ansible | ok: [node-2]
2026-04-07 04:26:28,767 p=13898 u=setup n=ansible | ok: [node-4]
2026-04-07 04:26:28,776 p=13898 u=setup n=ansible | ok: [node-3]
2026-04-07 04:26:28,777 p=13898 u=setup n=ansible | TASK [Set target service failed flag] *************************************************************************************************************************************************************
2026-04-07 04:26:28,808 p=13898 u=setup n=ansible | ok: [node-1]
2026-04-07 04:26:28,818 p=13898 u=setup n=ansible | ok: [node-4]
2026-04-07 04:26:28,824 p=13898 u=setup n=ansible | ok: [node-3]
2026-04-07 04:26:28,826 p=13898 u=setup n=ansible | ok: [node-2]
2026-04-07 04:26:28,827 p=13898 u=setup n=ansible | TASK [Set user check failed flag] *****************************************************************************************************************************************************************
2026-04-07 04:26:28,844 p=13898 u=setup n=ansible | ok: [node-2]
2026-04-07 04:26:28,857 p=13898 u=setup n=ansible | ok: [node-3]
2026-04-07 04:26:28,865 p=13898 u=setup n=ansible | ok: [node-4]
2026-04-07 04:26:28,865 p=13898 u=setup n=ansible | ok: [node-1]
2026-04-07 04:26:28,866 p=13898 u=setup n=ansible | TASK [Check chrony] *******************************************************************************************************************************************************************************
2026-04-07 04:26:29,309 p=13898 u=setup n=ansible | ok: [node-2]
2026-04-07 04:26:29,323 p=13898 u=setup n=ansible | ok: [node-4]
2026-04-07 04:26:29,327 p=13898 u=setup n=ansible | ok: [node-3]
2026-04-07 04:26:29,483 p=13898 u=setup n=ansible | ok: [node-1]
2026-04-07 04:26:29,485 p=13898 u=setup n=ansible | TASK [Set chrony failed flag] *********************************************************************************************************************************************************************
2026-04-07 04:26:29,507 p=13898 u=setup n=ansible | ok: [node-2]
2026-04-07 04:26:29,523 p=13898 u=setup n=ansible | ok: [node-3]
2026-04-07 04:26:29,523 p=13898 u=setup n=ansible | ok: [node-4]
2026-04-07 04:26:29,527 p=13898 u=setup n=ansible | ok: [node-1]
2026-04-07 04:26:29,529 p=13898 u=setup n=ansible | TASK [Check java processes] ***********************************************************************************************************************************************************************
2026-04-07 04:26:29,681 p=13898 u=setup n=ansible | ok: [node-1]
2026-04-07 04:26:29,734 p=13898 u=setup n=ansible | ok: [node-3]
2026-04-07 04:26:29,746 p=13898 u=setup n=ansible | ok: [node-2]
2026-04-07 04:26:29,750 p=13898 u=setup n=ansible | ok: [node-4]
2026-04-07 04:26:29,751 p=13898 u=setup n=ansible | TASK [Check ufw] **********************************************************************************************************************************************************************************
2026-04-07 04:26:29,895 p=13898 u=setup n=ansible | ok: [node-1]
2026-04-07 04:26:29,989 p=13898 u=setup n=ansible | ok: [node-2]
2026-04-07 04:26:30,003 p=13898 u=setup n=ansible | ok: [node-3]
2026-04-07 04:26:30,006 p=13898 u=setup n=ansible | ok: [node-4]
2026-04-07 04:26:30,007 p=13898 u=setup n=ansible | TASK [Check kesl] *********************************************************************************************************************************************************************************
2026-04-07 04:26:30,389 p=13898 u=setup n=ansible | ok: [node-1]
2026-04-07 04:26:30,447 p=13898 u=setup n=ansible | ok: [node-2]
2026-04-07 04:26:30,450 p=13898 u=setup n=ansible | ok: [node-4]
2026-04-07 04:26:30,470 p=13898 u=setup n=ansible | ok: [node-3]
2026-04-07 04:26:30,471 p=13898 u=setup n=ansible | TASK [Set kesl failed flag] ***********************************************************************************************************************************************************************
2026-04-07 04:26:30,493 p=13898 u=setup n=ansible | ok: [node-2]
2026-04-07 04:26:30,506 p=13898 u=setup n=ansible | ok: [node-1]
2026-04-07 04:26:30,509 p=13898 u=setup n=ansible | ok: [node-3]
2026-04-07 04:26:30,511 p=13898 u=setup n=ansible | ok: [node-4]
2026-04-07 04:26:30,512 p=13898 u=setup n=ansible | TASK [Check /data] ********************************************************************************************************************************************************************************
2026-04-07 04:26:30,668 p=13898 u=setup n=ansible | ok: [node-1]
2026-04-07 04:26:30,712 p=13898 u=setup n=ansible | ok: [node-2]
2026-04-07 04:26:30,721 p=13898 u=setup n=ansible | ok: [node-4]
2026-04-07 04:26:30,724 p=13898 u=setup n=ansible | ok: [node-3]
2026-04-07 04:26:30,725 p=13898 u=setup n=ansible | TASK [Set data failed flag] ***********************************************************************************************************************************************************************
2026-04-07 04:26:30,742 p=13898 u=setup n=ansible | ok: [node-2]
2026-04-07 04:26:30,760 p=13898 u=setup n=ansible | ok: [node-1]
2026-04-07 04:26:30,766 p=13898 u=setup n=ansible | ok: [node-4]
2026-04-07 04:26:30,768 p=13898 u=setup n=ansible | ok: [node-3]
2026-04-07 04:26:30,769 p=13898 u=setup n=ansible | TASK [Build final report] *************************************************************************************************************************************************************************
2026-04-07 04:26:30,797 p=13898 u=setup n=ansible | ok: [node-2]
2026-04-07 04:26:30,808 p=13898 u=setup n=ansible | ok: [node-1]
2026-04-07 04:26:30,813 p=13898 u=setup n=ansible | ok: [node-3]
2026-04-07 04:26:30,815 p=13898 u=setup n=ansible | ok: [node-4]
2026-04-07 04:26:30,816 p=13898 u=setup n=ansible | TASK [Save report] ********************************************************************************************************************************************************************************
2026-04-07 04:26:31,336 p=13898 u=setup n=ansible | changed: [node-4 -> localhost]
2026-04-07 04:26:31,345 p=13898 u=setup n=ansible | changed: [node-3 -> localhost]
2026-04-07 04:26:31,347 p=13898 u=setup n=ansible | changed: [node-1 -> localhost]
2026-04-07 04:26:31,347 p=13898 u=setup n=ansible | changed: [node-2 -> localhost]
2026-04-07 04:26:31,348 p=13898 u=setup n=ansible | TASK [Show report path] ***************************************************************************************************************************************************************************
2026-04-07 04:26:31,366 p=13898 u=setup n=ansible | ok: [node-2] => 
  msg: 'Saved: ./reports/canal/172.16.0.3.log'
2026-04-07 04:26:31,380 p=13898 u=setup n=ansible | ok: [node-1] => 
  msg: 'Saved: ./reports/dophin-scheduler/node-1.log'
2026-04-07 04:26:31,385 p=13898 u=setup n=ansible | ok: [node-4] => 
  msg: 'Saved: ./reports/datax/172.16.0.5.log'
2026-04-07 04:26:31,388 p=13898 u=setup n=ansible | ok: [node-3] => 
  msg: 'Saved: ./reports/canal/172.16.0.4.log'
2026-04-07 04:26:31,389 p=13898 u=setup n=ansible | TASK [Fail at end if mandatory checks are not compliant] ******************************************************************************************************************************************
2026-04-07 04:26:31,407 p=13898 u=setup n=ansible | fatal: [node-2]: FAILED! => changed=false 
  msg: |-
    Compliance check failed on node-2.
    target_service_failed=True
    user_failed=True
    chrony_failed=False
    kesl_failed=False
    data_failed=True
2026-04-07 04:26:31,423 p=13898 u=setup n=ansible | fatal: [node-4]: FAILED! => changed=false 
  msg: |-
    Compliance check failed on node-4.
    target_service_failed=True
    user_failed=True
    chrony_failed=False
    kesl_failed=False
    data_failed=True
2026-04-07 04:26:31,430 p=13898 u=setup n=ansible | fatal: [node-1]: FAILED! => changed=false 
  msg: |-
    Compliance check failed on node-1.
    target_service_failed=True
    user_failed=True
    chrony_failed=True
    kesl_failed=True
    data_failed=True
2026-04-07 04:26:31,434 p=13898 u=setup n=ansible | fatal: [node-3]: FAILED! => changed=false 
  msg: |-
    Compliance check failed on node-3.
    target_service_failed=True
    user_failed=True
    chrony_failed=False
    kesl_failed=False
    data_failed=True
2026-04-07 04:26:31,434 p=13898 u=setup n=ansible | PLAY RECAP ****************************************************************************************************************************************************************************************
2026-04-07 04:26:31,434 p=13898 u=setup n=ansible | node-1                     : ok=18   changed=1    unreachable=0    failed=1    skipped=1    rescued=0    ignored=0   
2026-04-07 04:26:31,434 p=13898 u=setup n=ansible | node-2                     : ok=22   changed=1    unreachable=0    failed=1    skipped=1    rescued=0    ignored=0   
2026-04-07 04:26:31,435 p=13898 u=setup n=ansible | node-3                     : ok=18   changed=1    unreachable=0    failed=1    skipped=1    rescued=0    ignored=0   
2026-04-07 04:26:31,435 p=13898 u=setup n=ansible | node-4                     : ok=18   changed=1    unreachable=0    failed=1    skipped=1    rescued=0    ignored=0   
2026-04-08 06:41:20,944 p=29386 u=setup n=ansible | [WARNING]: Invalid characters were found in group names but not replaced, use -vvvv to see details

2026-04-08 06:41:21,119 p=29386 u=setup n=ansible | PLAY [Audit system users + service checks] ********************************************************************************************************************************************************
2026-04-08 06:41:21,124 p=29386 u=setup n=ansible | TASK [Ensure reports root directory exists] *******************************************************************************************************************************************************
2026-04-08 06:41:21,311 p=29386 u=setup n=ansible | ok: [node-2 -> localhost]
2026-04-08 06:41:21,312 p=29386 u=setup n=ansible | TASK [Create report directories for all service groups] *******************************************************************************************************************************************
2026-04-08 06:41:21,427 p=29386 u=setup n=ansible | ok: [node-2 -> localhost] => (item=canal)
2026-04-08 06:41:21,514 p=29386 u=setup n=ansible | ok: [node-2 -> localhost] => (item=datax)
2026-04-08 06:41:21,608 p=29386 u=setup n=ansible | ok: [node-2 -> localhost] => (item=dophin-scheduler)
2026-04-08 06:41:21,610 p=29386 u=setup n=ansible | TASK [Ensure reports root directory exists] *******************************************************************************************************************************************************
2026-04-08 06:41:21,710 p=29386 u=setup n=ansible | ok: [node-2 -> localhost]
2026-04-08 06:41:21,711 p=29386 u=setup n=ansible | TASK [Ensure logs directory exists] ***************************************************************************************************************************************************************
2026-04-08 06:41:21,809 p=29386 u=setup n=ansible | ok: [node-2 -> localhost]
2026-04-08 06:41:21,811 p=29386 u=setup n=ansible | TASK [Resolve matched group from inventory groups] ************************************************************************************************************************************************
2026-04-08 06:41:21,829 p=29386 u=setup n=ansible | ok: [node-2]
2026-04-08 06:41:21,847 p=29386 u=setup n=ansible | ok: [node-3]
2026-04-08 06:41:21,854 p=29386 u=setup n=ansible | ok: [node-4]
2026-04-08 06:41:21,856 p=29386 u=setup n=ansible | ok: [node-1]
2026-04-08 06:41:21,857 p=29386 u=setup n=ansible | TASK [Fail if no service mapping found] ***********************************************************************************************************************************************************
2026-04-08 06:41:21,865 p=29386 u=setup n=ansible | skipping: [node-2]
2026-04-08 06:41:21,868 p=29386 u=setup n=ansible | skipping: [node-4]
2026-04-08 06:41:21,871 p=29386 u=setup n=ansible | skipping: [node-3]
2026-04-08 06:41:21,876 p=29386 u=setup n=ansible | skipping: [node-1]
2026-04-08 06:41:21,876 p=29386 u=setup n=ansible | TASK [Ensure report subdirectory for group exists] ************************************************************************************************************************************************
2026-04-08 06:41:22,083 p=29386 u=setup n=ansible | ok: [node-2 -> localhost]
2026-04-08 06:41:22,111 p=29386 u=setup n=ansible | ok: [node-3 -> localhost]
2026-04-08 06:41:22,116 p=29386 u=setup n=ansible | ok: [node-1 -> localhost]
2026-04-08 06:41:22,120 p=29386 u=setup n=ansible | ok: [node-4 -> localhost]
2026-04-08 06:41:22,121 p=29386 u=setup n=ansible | TASK [Set target service variables] ***************************************************************************************************************************************************************
2026-04-08 06:41:22,139 p=29386 u=setup n=ansible | ok: [node-2]
2026-04-08 06:41:22,156 p=29386 u=setup n=ansible | ok: [node-3]
2026-04-08 06:41:22,161 p=29386 u=setup n=ansible | ok: [node-4]
2026-04-08 06:41:22,161 p=29386 u=setup n=ansible | ok: [node-1]
2026-04-08 06:41:22,162 p=29386 u=setup n=ansible | TASK [Check expected service user exists] *********************************************************************************************************************************************************
2026-04-08 06:41:22,448 p=29386 u=setup n=ansible | ok: [node-1]
2026-04-08 06:41:22,722 p=29386 u=setup n=ansible | ok: [node-2]
2026-04-08 06:41:22,746 p=29386 u=setup n=ansible | ok: [node-4]
2026-04-08 06:41:22,768 p=29386 u=setup n=ansible | ok: [node-3]
2026-04-08 06:41:22,770 p=29386 u=setup n=ansible | TASK [Check target service runtime info] **********************************************************************************************************************************************************
2026-04-08 06:41:23,381 p=29386 u=setup n=ansible | ok: [node-1] => (item=dophin-scheduler)
2026-04-08 06:41:23,450 p=29386 u=setup n=ansible | ok: [node-2] => (item=canal)
2026-04-08 06:41:23,454 p=29386 u=setup n=ansible | ok: [node-3] => (item=canal)
2026-04-08 06:41:23,467 p=29386 u=setup n=ansible | ok: [node-4] => (item=datax)
2026-04-08 06:41:23,468 p=29386 u=setup n=ansible | TASK [Set target service failed flag] *************************************************************************************************************************************************************
2026-04-08 06:41:23,488 p=29386 u=setup n=ansible | ok: [node-2]
2026-04-08 06:41:23,505 p=29386 u=setup n=ansible | ok: [node-4]
2026-04-08 06:41:23,517 p=29386 u=setup n=ansible | ok: [node-3]
2026-04-08 06:41:23,517 p=29386 u=setup n=ansible | ok: [node-1]
2026-04-08 06:41:23,518 p=29386 u=setup n=ansible | TASK [Build target service report] ****************************************************************************************************************************************************************
2026-04-08 06:41:23,544 p=29386 u=setup n=ansible | ok: [node-2]
2026-04-08 06:41:23,555 p=29386 u=setup n=ansible | ok: [node-1]
2026-04-08 06:41:23,560 p=29386 u=setup n=ansible | ok: [node-4]
2026-04-08 06:41:23,562 p=29386 u=setup n=ansible | ok: [node-3]
2026-04-08 06:41:23,562 p=29386 u=setup n=ansible | TASK [Set user check failed flag] *****************************************************************************************************************************************************************
2026-04-08 06:41:23,588 p=29386 u=setup n=ansible | ok: [node-2]
2026-04-08 06:41:23,596 p=29386 u=setup n=ansible | ok: [node-1]
2026-04-08 06:41:23,601 p=29386 u=setup n=ansible | ok: [node-4]
2026-04-08 06:41:23,602 p=29386 u=setup n=ansible | ok: [node-3]
2026-04-08 06:41:23,603 p=29386 u=setup n=ansible | TASK [Check chrony] *******************************************************************************************************************************************************************************
2026-04-08 06:41:24,052 p=29386 u=setup n=ansible | ok: [node-3]
2026-04-08 06:41:24,054 p=29386 u=setup n=ansible | ok: [node-4]
2026-04-08 06:41:24,062 p=29386 u=setup n=ansible | ok: [node-2]
2026-04-08 06:41:24,230 p=29386 u=setup n=ansible | ok: [node-1]
2026-04-08 06:41:24,231 p=29386 u=setup n=ansible | TASK [Set chrony failed flag] *********************************************************************************************************************************************************************
2026-04-08 06:41:24,249 p=29386 u=setup n=ansible | ok: [node-2]
2026-04-08 06:41:24,261 p=29386 u=setup n=ansible | ok: [node-4]
2026-04-08 06:41:24,268 p=29386 u=setup n=ansible | ok: [node-1]
2026-04-08 06:41:24,270 p=29386 u=setup n=ansible | ok: [node-3]
2026-04-08 06:41:24,270 p=29386 u=setup n=ansible | TASK [Set chrony warning flag] ********************************************************************************************************************************************************************
2026-04-08 06:41:24,293 p=29386 u=setup n=ansible | ok: [node-2]
2026-04-08 06:41:24,309 p=29386 u=setup n=ansible | ok: [node-1]
2026-04-08 06:41:24,315 p=29386 u=setup n=ansible | ok: [node-3]
2026-04-08 06:41:24,315 p=29386 u=setup n=ansible | ok: [node-4]
2026-04-08 06:41:24,316 p=29386 u=setup n=ansible | TASK [Check java processes] ***********************************************************************************************************************************************************************
2026-04-08 06:41:24,482 p=29386 u=setup n=ansible | ok: [node-1]
2026-04-08 06:41:24,507 p=29386 u=setup n=ansible | ok: [node-2]
2026-04-08 06:41:24,529 p=29386 u=setup n=ansible | ok: [node-4]
2026-04-08 06:41:24,542 p=29386 u=setup n=ansible | ok: [node-3]
2026-04-08 06:41:24,543 p=29386 u=setup n=ansible | TASK [Check ufw] **********************************************************************************************************************************************************************************
2026-04-08 06:41:24,693 p=29386 u=setup n=ansible | ok: [node-1]
2026-04-08 06:41:24,775 p=29386 u=setup n=ansible | ok: [node-2]
2026-04-08 06:41:24,794 p=29386 u=setup n=ansible | ok: [node-4]
2026-04-08 06:41:24,809 p=29386 u=setup n=ansible | ok: [node-3]
2026-04-08 06:41:24,810 p=29386 u=setup n=ansible | TASK [Check kesl] *********************************************************************************************************************************************************************************
2026-04-08 06:41:25,206 p=29386 u=setup n=ansible | ok: [node-1]
2026-04-08 06:41:25,254 p=29386 u=setup n=ansible | ok: [node-2]
2026-04-08 06:41:25,256 p=29386 u=setup n=ansible | ok: [node-4]
2026-04-08 06:41:25,258 p=29386 u=setup n=ansible | ok: [node-3]
2026-04-08 06:41:25,259 p=29386 u=setup n=ansible | TASK [Set kesl failed flag] ***********************************************************************************************************************************************************************
2026-04-08 06:41:25,285 p=29386 u=setup n=ansible | ok: [node-2]
2026-04-08 06:41:25,294 p=29386 u=setup n=ansible | ok: [node-1]
2026-04-08 06:41:25,299 p=29386 u=setup n=ansible | ok: [node-3]
2026-04-08 06:41:25,299 p=29386 u=setup n=ansible | ok: [node-4]
2026-04-08 06:41:25,300 p=29386 u=setup n=ansible | TASK [Check /data] ********************************************************************************************************************************************************************************
2026-04-08 06:41:25,458 p=29386 u=setup n=ansible | ok: [node-1]
2026-04-08 06:41:25,496 p=29386 u=setup n=ansible | ok: [node-2]
2026-04-08 06:41:25,501 p=29386 u=setup n=ansible | ok: [node-4]
2026-04-08 06:41:25,502 p=29386 u=setup n=ansible | ok: [node-3]
2026-04-08 06:41:25,503 p=29386 u=setup n=ansible | TASK [Set data failed flag] ***********************************************************************************************************************************************************************
2026-04-08 06:41:25,523 p=29386 u=setup n=ansible | ok: [node-2]
2026-04-08 06:41:25,538 p=29386 u=setup n=ansible | ok: [node-1]
2026-04-08 06:41:25,542 p=29386 u=setup n=ansible | ok: [node-3]
2026-04-08 06:41:25,542 p=29386 u=setup n=ansible | ok: [node-4]
2026-04-08 06:41:25,543 p=29386 u=setup n=ansible | TASK [Build final report] *************************************************************************************************************************************************************************
2026-04-08 06:41:25,576 p=29386 u=setup n=ansible | ok: [node-2]
2026-04-08 06:41:25,584 p=29386 u=setup n=ansible | ok: [node-1]
2026-04-08 06:41:25,586 p=29386 u=setup n=ansible | ok: [node-3]
2026-04-08 06:41:25,587 p=29386 u=setup n=ansible | ok: [node-4]
2026-04-08 06:41:25,588 p=29386 u=setup n=ansible | TASK [Save report] ********************************************************************************************************************************************************************************
2026-04-08 06:41:26,120 p=29386 u=setup n=ansible | changed: [node-2 -> localhost]
2026-04-08 06:41:26,120 p=29386 u=setup n=ansible | changed: [node-4 -> localhost]
2026-04-08 06:41:26,125 p=29386 u=setup n=ansible | changed: [node-3 -> localhost]
2026-04-08 06:41:26,126 p=29386 u=setup n=ansible | changed: [node-1 -> localhost]
2026-04-08 06:41:26,127 p=29386 u=setup n=ansible | TASK [Show report path] ***************************************************************************************************************************************************************************
2026-04-08 06:41:26,145 p=29386 u=setup n=ansible | ok: [node-2] => 
  msg: 'Saved: ./reports/canal/172.16.0.3.log'
2026-04-08 06:41:26,156 p=29386 u=setup n=ansible | ok: [node-4] => 
  msg: 'Saved: ./reports/datax/172.16.0.5.log'
2026-04-08 06:41:26,165 p=29386 u=setup n=ansible | ok: [node-3] => 
  msg: 'Saved: ./reports/canal/172.16.0.4.log'
2026-04-08 06:41:26,166 p=29386 u=setup n=ansible | ok: [node-1] => 
  msg: 'Saved: ./reports/dophin-scheduler/node-1.log'
2026-04-08 06:41:26,167 p=29386 u=setup n=ansible | TASK [Show colored summary] ***********************************************************************************************************************************************************************
2026-04-08 06:41:26,189 p=29386 u=setup n=ansible | ok: [node-2] => 
  msg: |-
    HOST: node-2
  
    TARGET SERVICE : FAIL
    SERVICE USER   : FAIL
    CHRONY         : WARNING
    KESL           : OK
    DATA           : FAIL
  
    REPORT: ./reports/canal/172.16.0.3.log
2026-04-08 06:41:26,201 p=29386 u=setup n=ansible | ok: [node-4] => 
  msg: |-
    HOST: node-4
  
    TARGET SERVICE : FAIL
    SERVICE USER   : FAIL
    CHRONY         : WARNING
    KESL           : OK
    DATA           : FAIL
  
    REPORT: ./reports/datax/172.16.0.5.log
2026-04-08 06:41:26,207 p=29386 u=setup n=ansible | ok: [node-3] => 
  msg: |-
    HOST: node-3
  
    TARGET SERVICE : FAIL
    SERVICE USER   : FAIL
    CHRONY         : WARNING
    KESL           : OK
    DATA           : FAIL
  
    REPORT: ./reports/canal/172.16.0.4.log
2026-04-08 06:41:26,208 p=29386 u=setup n=ansible | ok: [node-1] => 
  msg: |-
    HOST: node-1
  
    TARGET SERVICE : FAIL
    SERVICE USER   : FAIL
    CHRONY         : FAIL
    KESL           : FAIL
    DATA           : FAIL
  
    REPORT: ./reports/dophin-scheduler/node-1.log
2026-04-08 06:41:26,209 p=29386 u=setup n=ansible | TASK [Fail at end if mandatory checks are not compliant] ******************************************************************************************************************************************
2026-04-08 06:41:26,230 p=29386 u=setup n=ansible | fatal: [node-2]: FAILED! => changed=false 
  msg: |-
    Compliance check failed on node-2.
  
    TARGET SERVICE : FAIL
    SERVICE USER   : FAIL
    CHRONY         : WARNING
    KESL           : OK
    DATA           : FAIL
  
    TARGET SERVICE DETAIL:
    ### SERVICE: canal ###
    STATUS=FAIL
    MESSAGE=SERVICE_NOT_FOUND
    SERVICE=canal
  
    REPORT: ./reports/canal/172.16.0.3.log
2026-04-08 06:41:26,246 p=29386 u=setup n=ansible | fatal: [node-3]: FAILED! => changed=false 
  msg: |-
    Compliance check failed on node-3.
  
    TARGET SERVICE : FAIL
    SERVICE USER   : FAIL
    CHRONY         : WARNING
    KESL           : OK
    DATA           : FAIL
  
    TARGET SERVICE DETAIL:
    ### SERVICE: canal ###
    STATUS=FAIL
    MESSAGE=SERVICE_NOT_FOUND
    SERVICE=canal
  
    REPORT: ./reports/canal/172.16.0.4.log
2026-04-08 06:41:26,252 p=29386 u=setup n=ansible | fatal: [node-4]: FAILED! => changed=false 
  msg: |-
    Compliance check failed on node-4.
  
    TARGET SERVICE : FAIL
    SERVICE USER   : FAIL
    CHRONY         : WARNING
    KESL           : OK
    DATA           : FAIL
  
    TARGET SERVICE DETAIL:
    ### SERVICE: datax ###
    STATUS=FAIL
    MESSAGE=SERVICE_NOT_FOUND
    SERVICE=datax
  
    REPORT: ./reports/datax/172.16.0.5.log
2026-04-08 06:41:26,254 p=29386 u=setup n=ansible | fatal: [node-1]: FAILED! => changed=false 
  msg: |-
    Compliance check failed on node-1.
  
    TARGET SERVICE : FAIL
    SERVICE USER   : FAIL
    CHRONY         : FAIL
    KESL           : FAIL
    DATA           : FAIL
  
    TARGET SERVICE DETAIL:
    ### SERVICE: dophin-scheduler ###
    STATUS=FAIL
    MESSAGE=SERVICE_NOT_FOUND
    SERVICE=dophin-scheduler
  
    REPORT: ./reports/dophin-scheduler/node-1.log
2026-04-08 06:41:26,254 p=29386 u=setup n=ansible | PLAY RECAP ****************************************************************************************************************************************************************************************
2026-04-08 06:41:26,255 p=29386 u=setup n=ansible | node-1                     : ok=21   changed=1    unreachable=0    failed=1    skipped=1    rescued=0    ignored=0   
2026-04-08 06:41:26,255 p=29386 u=setup n=ansible | node-2                     : ok=25   changed=1    unreachable=0    failed=1    skipped=1    rescued=0    ignored=0   
2026-04-08 06:41:26,255 p=29386 u=setup n=ansible | node-3                     : ok=21   changed=1    unreachable=0    failed=1    skipped=1    rescued=0    ignored=0   
2026-04-08 06:41:26,255 p=29386 u=setup n=ansible | node-4                     : ok=21   changed=1    unreachable=0    failed=1    skipped=1    rescued=0    ignored=0   
2026-04-08 06:41:34,806 p=30437 u=setup n=ansible | ERROR! the playbook: check_server.yml.yml could not be found
2026-04-08 06:43:32,635 p=30884 u=setup n=ansible | [WARNING]: Invalid characters were found in group names but not replaced, use -vvvv to see details

2026-04-08 06:43:32,758 p=30884 u=setup n=ansible | PLAY [Audit system users + service checks] ********************************************************************************************************************************************************
2026-04-08 06:43:32,761 p=30884 u=setup n=ansible | TASK [Ensure reports root directory exists] *******************************************************************************************************************************************************
2026-04-08 06:43:32,919 p=30884 u=setup n=ansible | ok: [node-2 -> localhost]
2026-04-08 06:43:32,920 p=30884 u=setup n=ansible | TASK [Create report directories for all service groups] *******************************************************************************************************************************************
2026-04-08 06:43:33,026 p=30884 u=setup n=ansible | ok: [node-2 -> localhost] => (item=canal)
2026-04-08 06:43:33,116 p=30884 u=setup n=ansible | ok: [node-2 -> localhost] => (item=datax)
2026-04-08 06:43:33,205 p=30884 u=setup n=ansible | ok: [node-2 -> localhost] => (item=dophin-scheduler)
2026-04-08 06:43:33,208 p=30884 u=setup n=ansible | TASK [Ensure reports root directory exists] *******************************************************************************************************************************************************
2026-04-08 06:43:33,305 p=30884 u=setup n=ansible | ok: [node-2 -> localhost]
2026-04-08 06:43:33,306 p=30884 u=setup n=ansible | TASK [Ensure logs directory exists] ***************************************************************************************************************************************************************
2026-04-08 06:43:33,403 p=30884 u=setup n=ansible | ok: [node-2 -> localhost]
2026-04-08 06:43:33,405 p=30884 u=setup n=ansible | TASK [Resolve matched group from inventory groups] ************************************************************************************************************************************************
2026-04-08 06:43:33,423 p=30884 u=setup n=ansible | ok: [node-2]
2026-04-08 06:43:33,439 p=30884 u=setup n=ansible | ok: [node-3]
2026-04-08 06:43:33,445 p=30884 u=setup n=ansible | ok: [node-4]
2026-04-08 06:43:33,449 p=30884 u=setup n=ansible | ok: [node-1]
2026-04-08 06:43:33,450 p=30884 u=setup n=ansible | TASK [Fail if no service mapping found] ***********************************************************************************************************************************************************
2026-04-08 06:43:33,457 p=30884 u=setup n=ansible | skipping: [node-2]
2026-04-08 06:43:33,461 p=30884 u=setup n=ansible | skipping: [node-3]
2026-04-08 06:43:33,465 p=30884 u=setup n=ansible | skipping: [node-4]
2026-04-08 06:43:33,467 p=30884 u=setup n=ansible | skipping: [node-1]
2026-04-08 06:43:33,468 p=30884 u=setup n=ansible | TASK [Ensure report subdirectory for group exists] ************************************************************************************************************************************************
2026-04-08 06:43:33,608 p=30884 u=setup n=ansible | ok: [node-3 -> localhost]
2026-04-08 06:43:33,683 p=30884 u=setup n=ansible | ok: [node-2 -> localhost]
2026-04-08 06:43:33,689 p=30884 u=setup n=ansible | ok: [node-4 -> localhost]
2026-04-08 06:43:33,729 p=30884 u=setup n=ansible | ok: [node-1 -> localhost]
2026-04-08 06:43:33,730 p=30884 u=setup n=ansible | TASK [Set target service variables] ***************************************************************************************************************************************************************
2026-04-08 06:43:33,748 p=30884 u=setup n=ansible | ok: [node-2]
2026-04-08 06:43:33,763 p=30884 u=setup n=ansible | ok: [node-4]
2026-04-08 06:43:33,770 p=30884 u=setup n=ansible | ok: [node-1]
2026-04-08 06:43:33,771 p=30884 u=setup n=ansible | ok: [node-3]
2026-04-08 06:43:33,772 p=30884 u=setup n=ansible | TASK [Check expected service user exists] *********************************************************************************************************************************************************
2026-04-08 06:43:34,006 p=30884 u=setup n=ansible | ok: [node-1]
2026-04-08 06:43:34,262 p=30884 u=setup n=ansible | ok: [node-2]
2026-04-08 06:43:34,287 p=30884 u=setup n=ansible | ok: [node-4]
2026-04-08 06:43:34,327 p=30884 u=setup n=ansible | ok: [node-3]
2026-04-08 06:43:34,331 p=30884 u=setup n=ansible | TASK [Check target service runtime info] **********************************************************************************************************************************************************
2026-04-08 06:43:34,935 p=30884 u=setup n=ansible | ok: [node-1] => (item=dophin-scheduler)
2026-04-08 06:43:35,001 p=30884 u=setup n=ansible | ok: [node-2] => (item=canal)
2026-04-08 06:43:35,019 p=30884 u=setup n=ansible | ok: [node-4] => (item=datax)
2026-04-08 06:43:35,027 p=30884 u=setup n=ansible | ok: [node-3] => (item=canal)
2026-04-08 06:43:35,028 p=30884 u=setup n=ansible | TASK [Set target service failed flag] *************************************************************************************************************************************************************
2026-04-08 06:43:35,055 p=30884 u=setup n=ansible | ok: [node-2]
2026-04-08 06:43:35,072 p=30884 u=setup n=ansible | ok: [node-3]
2026-04-08 06:43:35,077 p=30884 u=setup n=ansible | ok: [node-1]
2026-04-08 06:43:35,082 p=30884 u=setup n=ansible | ok: [node-4]
2026-04-08 06:43:35,083 p=30884 u=setup n=ansible | TASK [Build target service report] ****************************************************************************************************************************************************************
2026-04-08 06:43:35,101 p=30884 u=setup n=ansible | ok: [node-2]
2026-04-08 06:43:35,117 p=30884 u=setup n=ansible | ok: [node-1]
2026-04-08 06:43:35,126 p=30884 u=setup n=ansible | ok: [node-4]
2026-04-08 06:43:35,127 p=30884 u=setup n=ansible | ok: [node-3]
2026-04-08 06:43:35,127 p=30884 u=setup n=ansible | TASK [Set user check failed flag] *****************************************************************************************************************************************************************
2026-04-08 06:43:35,147 p=30884 u=setup n=ansible | ok: [node-2]
2026-04-08 06:43:35,161 p=30884 u=setup n=ansible | ok: [node-1]
2026-04-08 06:43:35,166 p=30884 u=setup n=ansible | ok: [node-4]
2026-04-08 06:43:35,169 p=30884 u=setup n=ansible | ok: [node-3]
2026-04-08 06:43:35,170 p=30884 u=setup n=ansible | TASK [Check chrony] *******************************************************************************************************************************************************************************
2026-04-08 06:43:35,612 p=30884 u=setup n=ansible | ok: [node-3]
2026-04-08 06:43:35,627 p=30884 u=setup n=ansible | ok: [node-2]
2026-04-08 06:43:35,631 p=30884 u=setup n=ansible | ok: [node-4]
2026-04-08 06:43:35,794 p=30884 u=setup n=ansible | ok: [node-1]
2026-04-08 06:43:35,795 p=30884 u=setup n=ansible | TASK [Set chrony failed flag] *********************************************************************************************************************************************************************
2026-04-08 06:43:35,822 p=30884 u=setup n=ansible | ok: [node-3]
2026-04-08 06:43:35,825 p=30884 u=setup n=ansible | ok: [node-2]
2026-04-08 06:43:35,834 p=30884 u=setup n=ansible | ok: [node-1]
2026-04-08 06:43:35,838 p=30884 u=setup n=ansible | ok: [node-4]
2026-04-08 06:43:35,839 p=30884 u=setup n=ansible | TASK [Set chrony warning flag] ********************************************************************************************************************************************************************
2026-04-08 06:43:35,862 p=30884 u=setup n=ansible | ok: [node-2]
2026-04-08 06:43:35,867 p=30884 u=setup n=ansible | ok: [node-3]
2026-04-08 06:43:35,880 p=30884 u=setup n=ansible | ok: [node-4]
2026-04-08 06:43:35,883 p=30884 u=setup n=ansible | ok: [node-1]
2026-04-08 06:43:35,884 p=30884 u=setup n=ansible | TASK [Check java processes] ***********************************************************************************************************************************************************************
2026-04-08 06:43:36,062 p=30884 u=setup n=ansible | ok: [node-1]
2026-04-08 06:43:36,100 p=30884 u=setup n=ansible | ok: [node-2]
2026-04-08 06:43:36,116 p=30884 u=setup n=ansible | ok: [node-3]
2026-04-08 06:43:36,121 p=30884 u=setup n=ansible | ok: [node-4]
2026-04-08 06:43:36,122 p=30884 u=setup n=ansible | TASK [Check ufw] **********************************************************************************************************************************************************************************
2026-04-08 06:43:36,307 p=30884 u=setup n=ansible | ok: [node-1]
2026-04-08 06:43:36,405 p=30884 u=setup n=ansible | ok: [node-4]
2026-04-08 06:43:36,405 p=30884 u=setup n=ansible | ok: [node-2]
2026-04-08 06:43:36,414 p=30884 u=setup n=ansible | ok: [node-3]
2026-04-08 06:43:36,415 p=30884 u=setup n=ansible | TASK [Check kesl] *********************************************************************************************************************************************************************************
2026-04-08 06:43:36,817 p=30884 u=setup n=ansible | ok: [node-1]
2026-04-08 06:43:36,854 p=30884 u=setup n=ansible | ok: [node-2]
2026-04-08 06:43:36,868 p=30884 u=setup n=ansible | ok: [node-4]
2026-04-08 06:43:36,879 p=30884 u=setup n=ansible | ok: [node-3]
2026-04-08 06:43:36,880 p=30884 u=setup n=ansible | TASK [Set kesl failed flag] ***********************************************************************************************************************************************************************
2026-04-08 06:43:36,898 p=30884 u=setup n=ansible | ok: [node-2]
2026-04-08 06:43:36,914 p=30884 u=setup n=ansible | ok: [node-4]
2026-04-08 06:43:36,919 p=30884 u=setup n=ansible | ok: [node-3]
2026-04-08 06:43:36,924 p=30884 u=setup n=ansible | ok: [node-1]
2026-04-08 06:43:36,925 p=30884 u=setup n=ansible | TASK [Check /data] ********************************************************************************************************************************************************************************
2026-04-08 06:43:37,081 p=30884 u=setup n=ansible | ok: [node-1]
2026-04-08 06:43:37,137 p=30884 u=setup n=ansible | ok: [node-3]
2026-04-08 06:43:37,141 p=30884 u=setup n=ansible | ok: [node-2]
2026-04-08 06:43:37,149 p=30884 u=setup n=ansible | ok: [node-4]
2026-04-08 06:43:37,150 p=30884 u=setup n=ansible | TASK [Set data failed flag] ***********************************************************************************************************************************************************************
2026-04-08 06:43:37,174 p=30884 u=setup n=ansible | ok: [node-2]
2026-04-08 06:43:37,191 p=30884 u=setup n=ansible | ok: [node-1]
2026-04-08 06:43:37,195 p=30884 u=setup n=ansible | ok: [node-3]
2026-04-08 06:43:37,199 p=30884 u=setup n=ansible | ok: [node-4]
2026-04-08 06:43:37,200 p=30884 u=setup n=ansible | TASK [Build final report] *************************************************************************************************************************************************************************
2026-04-08 06:43:37,226 p=30884 u=setup n=ansible | ok: [node-2]
2026-04-08 06:43:37,237 p=30884 u=setup n=ansible | ok: [node-1]
2026-04-08 06:43:37,242 p=30884 u=setup n=ansible | ok: [node-3]
2026-04-08 06:43:37,242 p=30884 u=setup n=ansible | ok: [node-4]
2026-04-08 06:43:37,244 p=30884 u=setup n=ansible | TASK [Save report] ********************************************************************************************************************************************************************************
2026-04-08 06:43:37,754 p=30884 u=setup n=ansible | changed: [node-4 -> localhost]
2026-04-08 06:43:37,759 p=30884 u=setup n=ansible | changed: [node-2 -> localhost]
2026-04-08 06:43:37,760 p=30884 u=setup n=ansible | changed: [node-3 -> localhost]
2026-04-08 06:43:37,765 p=30884 u=setup n=ansible | changed: [node-1 -> localhost]
2026-04-08 06:43:37,766 p=30884 u=setup n=ansible | TASK [Show report path] ***************************************************************************************************************************************************************************
2026-04-08 06:43:37,785 p=30884 u=setup n=ansible | ok: [node-2] => 
  msg: 'Saved: ./reports/canal/172.16.0.3.log'
2026-04-08 06:43:37,803 p=30884 u=setup n=ansible | ok: [node-4] => 
  msg: 'Saved: ./reports/datax/172.16.0.5.log'
2026-04-08 06:43:37,810 p=30884 u=setup n=ansible | ok: [node-1] => 
  msg: 'Saved: ./reports/dophin-scheduler/node-1.log'
2026-04-08 06:43:37,811 p=30884 u=setup n=ansible | ok: [node-3] => 
  msg: 'Saved: ./reports/canal/172.16.0.4.log'
2026-04-08 06:43:37,812 p=30884 u=setup n=ansible | TASK [Show colored summary] ***********************************************************************************************************************************************************************
2026-04-08 06:43:37,839 p=30884 u=setup n=ansible | ok: [node-2] => 
  msg: |-
    HOST: node-2
    TARGET SERVICE : FAIL
    SERVICE USER   : FAIL
    CHRONY         : WARNING
    KESL           : OK
    DATA           : FAIL
    REPORT: ./reports/canal/172.16.0.3.log
2026-04-08 06:43:37,849 p=30884 u=setup n=ansible | ok: [node-4] => 
  msg: |-
    HOST: node-4
    TARGET SERVICE : FAIL
    SERVICE USER   : FAIL
    CHRONY         : WARNING
    KESL           : OK
    DATA           : FAIL
    REPORT: ./reports/datax/172.16.0.5.log
2026-04-08 06:43:37,853 p=30884 u=setup n=ansible | ok: [node-3] => 
  msg: |-
    HOST: node-3
    TARGET SERVICE : FAIL
    SERVICE USER   : FAIL
    CHRONY         : WARNING
    KESL           : OK
    DATA           : FAIL
    REPORT: ./reports/canal/172.16.0.4.log
2026-04-08 06:43:37,859 p=30884 u=setup n=ansible | ok: [node-1] => 
  msg: |-
    HOST: node-1
    TARGET SERVICE : FAIL
    SERVICE USER   : FAIL
    CHRONY         : FAIL
    KESL           : FAIL
    DATA           : FAIL
    REPORT: ./reports/dophin-scheduler/node-1.log
2026-04-08 06:43:37,860 p=30884 u=setup n=ansible | TASK [Fail at end if mandatory checks are not compliant] ******************************************************************************************************************************************
2026-04-08 06:43:37,881 p=30884 u=setup n=ansible | fatal: [node-2]: FAILED! => changed=false 
  msg: |-
    Compliance check failed on node-2.
    TARGET SERVICE : FAIL
    SERVICE USER   : FAIL
    CHRONY         : WARNING
    KESL           : OK
    DATA           : FAIL
    TARGET SERVICE DETAIL:
    ### SERVICE: canal ###
    STATUS=FAIL
    MESSAGE=SERVICE_NOT_FOUND
    SERVICE=canal
    REPORT: ./reports/canal/172.16.0.3.log
2026-04-08 06:43:37,899 p=30884 u=setup n=ansible | fatal: [node-3]: FAILED! => changed=false 
  msg: |-
    Compliance check failed on node-3.
    TARGET SERVICE : FAIL
    SERVICE USER   : FAIL
    CHRONY         : WARNING
    KESL           : OK
    DATA           : FAIL
    TARGET SERVICE DETAIL:
    ### SERVICE: canal ###
    STATUS=FAIL
    MESSAGE=SERVICE_NOT_FOUND
    SERVICE=canal
    REPORT: ./reports/canal/172.16.0.4.log
2026-04-08 06:43:37,908 p=30884 u=setup n=ansible | fatal: [node-4]: FAILED! => changed=false 
  msg: |-
    Compliance check failed on node-4.
    TARGET SERVICE : FAIL
    SERVICE USER   : FAIL
    CHRONY         : WARNING
    KESL           : OK
    DATA           : FAIL
    TARGET SERVICE DETAIL:
    ### SERVICE: datax ###
    STATUS=FAIL
    MESSAGE=SERVICE_NOT_FOUND
    SERVICE=datax
    REPORT: ./reports/datax/172.16.0.5.log
2026-04-08 06:43:37,910 p=30884 u=setup n=ansible | fatal: [node-1]: FAILED! => changed=false 
  msg: |-
    Compliance check failed on node-1.
    TARGET SERVICE : FAIL
    SERVICE USER   : FAIL
    CHRONY         : FAIL
    KESL           : FAIL
    DATA           : FAIL
    TARGET SERVICE DETAIL:
    ### SERVICE: dophin-scheduler ###
    STATUS=FAIL
    MESSAGE=SERVICE_NOT_FOUND
    SERVICE=dophin-scheduler
    REPORT: ./reports/dophin-scheduler/node-1.log
2026-04-08 06:43:37,911 p=30884 u=setup n=ansible | PLAY RECAP ****************************************************************************************************************************************************************************************
2026-04-08 06:43:37,911 p=30884 u=setup n=ansible | node-1                     : ok=21   changed=1    unreachable=0    failed=1    skipped=1    rescued=0    ignored=0   
2026-04-08 06:43:37,911 p=30884 u=setup n=ansible | node-2                     : ok=25   changed=1    unreachable=0    failed=1    skipped=1    rescued=0    ignored=0   
2026-04-08 06:43:37,911 p=30884 u=setup n=ansible | node-3                     : ok=21   changed=1    unreachable=0    failed=1    skipped=1    rescued=0    ignored=0   
2026-04-08 06:43:37,911 p=30884 u=setup n=ansible | node-4                     : ok=21   changed=1    unreachable=0    failed=1    skipped=1    rescued=0    ignored=0   
2026-04-08 06:44:26,658 p=32198 u=setup n=ansible | [WARNING]: Invalid characters were found in group names but not replaced, use -vvvv to see details

2026-04-08 06:44:26,773 p=32198 u=setup n=ansible | PLAY [Audit system users + service checks] ********************************************************************************************************************************************************
2026-04-08 06:44:26,777 p=32198 u=setup n=ansible | TASK [Ensure reports root directory exists] *******************************************************************************************************************************************************
2026-04-08 06:44:26,944 p=32198 u=setup n=ansible | ok: [node-2 -> localhost]
2026-04-08 06:44:26,946 p=32198 u=setup n=ansible | TASK [Create report directories for all service groups] *******************************************************************************************************************************************
2026-04-08 06:44:27,061 p=32198 u=setup n=ansible | ok: [node-2 -> localhost] => (item=canal)
2026-04-08 06:44:27,158 p=32198 u=setup n=ansible | ok: [node-2 -> localhost] => (item=datax)
2026-04-08 06:44:27,253 p=32198 u=setup n=ansible | ok: [node-2 -> localhost] => (item=dophin-scheduler)
2026-04-08 06:44:27,255 p=32198 u=setup n=ansible | TASK [Ensure reports root directory exists] *******************************************************************************************************************************************************
2026-04-08 06:44:27,358 p=32198 u=setup n=ansible | ok: [node-2 -> localhost]
2026-04-08 06:44:27,359 p=32198 u=setup n=ansible | TASK [Ensure logs directory exists] ***************************************************************************************************************************************************************
2026-04-08 06:44:27,461 p=32198 u=setup n=ansible | ok: [node-2 -> localhost]
2026-04-08 06:44:27,462 p=32198 u=setup n=ansible | TASK [Resolve matched group from inventory groups] ************************************************************************************************************************************************
2026-04-08 06:44:27,483 p=32198 u=setup n=ansible | ok: [node-2]
2026-04-08 06:44:27,496 p=32198 u=setup n=ansible | ok: [node-4]
2026-04-08 06:44:27,502 p=32198 u=setup n=ansible | ok: [node-3]
2026-04-08 06:44:27,505 p=32198 u=setup n=ansible | ok: [node-1]
2026-04-08 06:44:27,506 p=32198 u=setup n=ansible | TASK [Fail if no service mapping found] ***********************************************************************************************************************************************************
2026-04-08 06:44:27,514 p=32198 u=setup n=ansible | skipping: [node-2]
2026-04-08 06:44:27,517 p=32198 u=setup n=ansible | skipping: [node-4]
2026-04-08 06:44:27,521 p=32198 u=setup n=ansible | skipping: [node-3]
2026-04-08 06:44:27,523 p=32198 u=setup n=ansible | skipping: [node-1]
2026-04-08 06:44:27,524 p=32198 u=setup n=ansible | TASK [Ensure report subdirectory for group exists] ************************************************************************************************************************************************
2026-04-08 06:44:27,719 p=32198 u=setup n=ansible | ok: [node-4 -> localhost]
2026-04-08 06:44:27,739 p=32198 u=setup n=ansible | ok: [node-2 -> localhost]
2026-04-08 06:44:27,761 p=32198 u=setup n=ansible | ok: [node-3 -> localhost]
2026-04-08 06:44:27,783 p=32198 u=setup n=ansible | ok: [node-1 -> localhost]
2026-04-08 06:44:27,784 p=32198 u=setup n=ansible | TASK [Set target service variables] ***************************************************************************************************************************************************************
2026-04-08 06:44:27,803 p=32198 u=setup n=ansible | ok: [node-2]
2026-04-08 06:44:27,820 p=32198 u=setup n=ansible | ok: [node-1]
2026-04-08 06:44:27,825 p=32198 u=setup n=ansible | ok: [node-4]
2026-04-08 06:44:27,826 p=32198 u=setup n=ansible | ok: [node-3]
2026-04-08 06:44:27,829 p=32198 u=setup n=ansible | TASK [Check expected service user exists] *********************************************************************************************************************************************************
2026-04-08 06:44:28,059 p=32198 u=setup n=ansible | ok: [node-1]
2026-04-08 06:44:28,135 p=32198 u=setup n=ansible | ok: [node-2]
2026-04-08 06:44:28,135 p=32198 u=setup n=ansible | ok: [node-3]
2026-04-08 06:44:28,137 p=32198 u=setup n=ansible | ok: [node-4]
2026-04-08 06:44:28,141 p=32198 u=setup n=ansible | TASK [Check target service runtime info] **********************************************************************************************************************************************************
2026-04-08 06:44:28,795 p=32198 u=setup n=ansible | ok: [node-1] => (item=dophin-scheduler)
2026-04-08 06:44:28,851 p=32198 u=setup n=ansible | ok: [node-2] => (item=canal)
2026-04-08 06:44:28,871 p=32198 u=setup n=ansible | ok: [node-4] => (item=datax)
2026-04-08 06:44:28,875 p=32198 u=setup n=ansible | ok: [node-3] => (item=canal)
2026-04-08 06:44:28,877 p=32198 u=setup n=ansible | TASK [Set target service failed flag] *************************************************************************************************************************************************************
2026-04-08 06:44:28,906 p=32198 u=setup n=ansible | ok: [node-2]
2026-04-08 06:44:28,918 p=32198 u=setup n=ansible | ok: [node-1]
2026-04-08 06:44:28,923 p=32198 u=setup n=ansible | ok: [node-3]
2026-04-08 06:44:28,926 p=32198 u=setup n=ansible | ok: [node-4]
2026-04-08 06:44:28,928 p=32198 u=setup n=ansible | TASK [Build target service report] ****************************************************************************************************************************************************************
2026-04-08 06:44:28,954 p=32198 u=setup n=ansible | ok: [node-2]
2026-04-08 06:44:28,964 p=32198 u=setup n=ansible | ok: [node-1]
2026-04-08 06:44:28,970 p=32198 u=setup n=ansible | ok: [node-4]
2026-04-08 06:44:28,970 p=32198 u=setup n=ansible | ok: [node-3]
2026-04-08 06:44:28,971 p=32198 u=setup n=ansible | TASK [Set user check failed flag] *****************************************************************************************************************************************************************
2026-04-08 06:44:28,996 p=32198 u=setup n=ansible | ok: [node-2]
2026-04-08 06:44:29,005 p=32198 u=setup n=ansible | ok: [node-4]
2026-04-08 06:44:29,011 p=32198 u=setup n=ansible | ok: [node-3]
2026-04-08 06:44:29,017 p=32198 u=setup n=ansible | ok: [node-1]
2026-04-08 06:44:29,018 p=32198 u=setup n=ansible | TASK [Check chrony] *******************************************************************************************************************************************************************************
2026-04-08 06:44:29,493 p=32198 u=setup n=ansible | ok: [node-2]
2026-04-08 06:44:29,507 p=32198 u=setup n=ansible | ok: [node-3]
2026-04-08 06:44:29,510 p=32198 u=setup n=ansible | ok: [node-4]
2026-04-08 06:44:29,670 p=32198 u=setup n=ansible | ok: [node-1]
2026-04-08 06:44:29,671 p=32198 u=setup n=ansible | TASK [Set chrony failed flag] *********************************************************************************************************************************************************************
2026-04-08 06:44:29,689 p=32198 u=setup n=ansible | ok: [node-2]
2026-04-08 06:44:29,703 p=32198 u=setup n=ansible | ok: [node-4]
2026-04-08 06:44:29,709 p=32198 u=setup n=ansible | ok: [node-3]
2026-04-08 06:44:29,714 p=32198 u=setup n=ansible | ok: [node-1]
2026-04-08 06:44:29,715 p=32198 u=setup n=ansible | TASK [Set chrony warning flag] ********************************************************************************************************************************************************************
2026-04-08 06:44:29,734 p=32198 u=setup n=ansible | ok: [node-2]
2026-04-08 06:44:29,753 p=32198 u=setup n=ansible | ok: [node-4]
2026-04-08 06:44:29,760 p=32198 u=setup n=ansible | ok: [node-3]
2026-04-08 06:44:29,762 p=32198 u=setup n=ansible | ok: [node-1]
2026-04-08 06:44:29,763 p=32198 u=setup n=ansible | TASK [Check java processes] ***********************************************************************************************************************************************************************
2026-04-08 06:44:29,930 p=32198 u=setup n=ansible | ok: [node-1]
2026-04-08 06:44:29,989 p=32198 u=setup n=ansible | ok: [node-4]
2026-04-08 06:44:29,994 p=32198 u=setup n=ansible | ok: [node-2]
2026-04-08 06:44:29,997 p=32198 u=setup n=ansible | ok: [node-3]
2026-04-08 06:44:29,998 p=32198 u=setup n=ansible | TASK [Check ufw] **********************************************************************************************************************************************************************************
2026-04-08 06:44:30,150 p=32198 u=setup n=ansible | ok: [node-1]
2026-04-08 06:44:30,256 p=32198 u=setup n=ansible | ok: [node-2]
2026-04-08 06:44:30,260 p=32198 u=setup n=ansible | ok: [node-3]
2026-04-08 06:44:30,265 p=32198 u=setup n=ansible | ok: [node-4]
2026-04-08 06:44:30,265 p=32198 u=setup n=ansible | TASK [Check kesl] *********************************************************************************************************************************************************************************
2026-04-08 06:44:30,673 p=32198 u=setup n=ansible | ok: [node-1]
2026-04-08 06:44:30,718 p=32198 u=setup n=ansible | ok: [node-2]
2026-04-08 06:44:30,735 p=32198 u=setup n=ansible | ok: [node-4]
2026-04-08 06:44:30,738 p=32198 u=setup n=ansible | ok: [node-3]
2026-04-08 06:44:30,739 p=32198 u=setup n=ansible | TASK [Set kesl failed flag] ***********************************************************************************************************************************************************************
2026-04-08 06:44:30,762 p=32198 u=setup n=ansible | ok: [node-2]
2026-04-08 06:44:30,776 p=32198 u=setup n=ansible | ok: [node-1]
2026-04-08 06:44:30,781 p=32198 u=setup n=ansible | ok: [node-4]
2026-04-08 06:44:30,783 p=32198 u=setup n=ansible | ok: [node-3]
2026-04-08 06:44:30,784 p=32198 u=setup n=ansible | TASK [Check /data] ********************************************************************************************************************************************************************************
2026-04-08 06:44:30,944 p=32198 u=setup n=ansible | ok: [node-1]
2026-04-08 06:44:31,017 p=32198 u=setup n=ansible | ok: [node-2]
2026-04-08 06:44:31,030 p=32198 u=setup n=ansible | ok: [node-4]
2026-04-08 06:44:31,036 p=32198 u=setup n=ansible | ok: [node-3]
2026-04-08 06:44:31,037 p=32198 u=setup n=ansible | TASK [Set data failed flag] ***********************************************************************************************************************************************************************
2026-04-08 06:44:31,059 p=32198 u=setup n=ansible | ok: [node-2]
2026-04-08 06:44:31,075 p=32198 u=setup n=ansible | ok: [node-1]
2026-04-08 06:44:31,080 p=32198 u=setup n=ansible | ok: [node-4]
2026-04-08 06:44:31,081 p=32198 u=setup n=ansible | ok: [node-3]
2026-04-08 06:44:31,082 p=32198 u=setup n=ansible | TASK [Build final report] *************************************************************************************************************************************************************************
2026-04-08 06:44:31,105 p=32198 u=setup n=ansible | ok: [node-2]
2026-04-08 06:44:31,120 p=32198 u=setup n=ansible | ok: [node-1]
2026-04-08 06:44:31,125 p=32198 u=setup n=ansible | ok: [node-3]
2026-04-08 06:44:31,126 p=32198 u=setup n=ansible | ok: [node-4]
2026-04-08 06:44:31,128 p=32198 u=setup n=ansible | TASK [Save report] ********************************************************************************************************************************************************************************
2026-04-08 06:44:31,594 p=32198 u=setup n=ansible | ok: [node-1 -> localhost]
2026-04-08 06:44:31,632 p=32198 u=setup n=ansible | ok: [node-3 -> localhost]
2026-04-08 06:44:31,635 p=32198 u=setup n=ansible | ok: [node-2 -> localhost]
2026-04-08 06:44:31,641 p=32198 u=setup n=ansible | ok: [node-4 -> localhost]
2026-04-08 06:44:31,642 p=32198 u=setup n=ansible | TASK [Show report path] ***************************************************************************************************************************************************************************
2026-04-08 06:44:31,663 p=32198 u=setup n=ansible | ok: [node-2] => 
  msg: 'Saved: ./reports/canal/172.16.0.3.log'
2026-04-08 06:44:31,679 p=32198 u=setup n=ansible | ok: [node-1] => 
  msg: 'Saved: ./reports/dophin-scheduler/node-1.log'
2026-04-08 06:44:31,684 p=32198 u=setup n=ansible | ok: [node-4] => 
  msg: 'Saved: ./reports/datax/172.16.0.5.log'
2026-04-08 06:44:31,685 p=32198 u=setup n=ansible | ok: [node-3] => 
  msg: 'Saved: ./reports/canal/172.16.0.4.log'
2026-04-08 06:44:31,686 p=32198 u=setup n=ansible | TASK [Show colored summary] ***********************************************************************************************************************************************************************
2026-04-08 06:44:31,718 p=32198 u=setup n=ansible | ok: [node-3] => 
  msg: |-
    HOST: node-3
    TARGET SERVICE : FAIL
    SERVICE USER   : FAIL
    CHRONY         : WARNING
    KESL           : OK
    DATA           : FAIL
    REPORT: ./reports/canal/172.16.0.4.log
2026-04-08 06:44:31,723 p=32198 u=setup n=ansible | ok: [node-2] => 
  msg: |-
    HOST: node-2
    TARGET SERVICE : FAIL
    SERVICE USER   : FAIL
    CHRONY         : WARNING
    KESL           : OK
    DATA           : FAIL
    REPORT: ./reports/canal/172.16.0.3.log
2026-04-08 06:44:31,736 p=32198 u=setup n=ansible | ok: [node-1] => 
  msg: |-
    HOST: node-1
    TARGET SERVICE : FAIL
    SERVICE USER   : FAIL
    CHRONY         : FAIL
    KESL           : FAIL
    DATA           : FAIL
    REPORT: ./reports/dophin-scheduler/node-1.log
2026-04-08 06:44:31,737 p=32198 u=setup n=ansible | ok: [node-4] => 
  msg: |-
    HOST: node-4
    TARGET SERVICE : FAIL
    SERVICE USER   : FAIL
    CHRONY         : WARNING
    KESL           : OK
    DATA           : FAIL
    REPORT: ./reports/datax/172.16.0.5.log
2026-04-08 06:44:31,738 p=32198 u=setup n=ansible | TASK [Build failed checks list] *******************************************************************************************************************************************************************
2026-04-08 06:44:31,763 p=32198 u=setup n=ansible | ok: [node-2]
2026-04-08 06:44:31,779 p=32198 u=setup n=ansible | ok: [node-1]
2026-04-08 06:44:31,784 p=32198 u=setup n=ansible | ok: [node-3]
2026-04-08 06:44:31,784 p=32198 u=setup n=ansible | ok: [node-4]
2026-04-08 06:44:31,785 p=32198 u=setup n=ansible | TASK [Fail at end if mandatory checks are not compliant] ******************************************************************************************************************************************
2026-04-08 06:44:31,813 p=32198 u=setup n=ansible | fatal: [node-2]: FAILED! => changed=false 
  msg: |-
    Compliance check failed on node-2.
  
    FAILED CHECKS:
    - TARGET SERVICE
    - SERVICE USER
    - DATA
  
    TARGET SERVICE DETAIL:
    ### SERVICE: canal ###
    STATUS=FAIL
    MESSAGE=SERVICE_NOT_FOUND
    SERVICE=canal
  
  
  
    DATA DETAIL:
    STATUS=FAIL
    --- FSTAB ---
    NO_FSTAB_DATA
    --- MOUNT ---
    NO_MOUNT_DATA
    --- DF ---
    NO_DF_DATA
  
    REPORT: ./reports/canal/172.16.0.3.log
2026-04-08 06:44:31,827 p=32198 u=setup n=ansible | fatal: [node-4]: FAILED! => changed=false 
  msg: |-
    Compliance check failed on node-4.
  
    FAILED CHECKS:
    - TARGET SERVICE
    - SERVICE USER
    - DATA
  
    TARGET SERVICE DETAIL:
    ### SERVICE: datax ###
    STATUS=FAIL
    MESSAGE=SERVICE_NOT_FOUND
    SERVICE=datax
  
  
  
    DATA DETAIL:
    STATUS=FAIL
    --- FSTAB ---
    NO_FSTAB_DATA
    --- MOUNT ---
    NO_MOUNT_DATA
    --- DF ---
    NO_DF_DATA
  
    REPORT: ./reports/datax/172.16.0.5.log
2026-04-08 06:44:31,831 p=32198 u=setup n=ansible | fatal: [node-3]: FAILED! => changed=false 
  msg: |-
    Compliance check failed on node-3.
  
    FAILED CHECKS:
    - TARGET SERVICE
    - SERVICE USER
    - DATA
  
    TARGET SERVICE DETAIL:
    ### SERVICE: canal ###
    STATUS=FAIL
    MESSAGE=SERVICE_NOT_FOUND
    SERVICE=canal
  
  
  
    DATA DETAIL:
    STATUS=FAIL
    --- FSTAB ---
    NO_FSTAB_DATA
    --- MOUNT ---
    NO_MOUNT_DATA
    --- DF ---
    NO_DF_DATA
  
    REPORT: ./reports/canal/172.16.0.4.log
2026-04-08 06:44:31,836 p=32198 u=setup n=ansible | fatal: [node-1]: FAILED! => changed=false 
  msg: |-
    Compliance check failed on node-1.
  
    FAILED CHECKS:
    - TARGET SERVICE
    - SERVICE USER
    - CHRONY
    - KESL
    - DATA
  
    TARGET SERVICE DETAIL:
    ### SERVICE: dophin-scheduler ###
    STATUS=FAIL
    MESSAGE=SERVICE_NOT_FOUND
    SERVICE=dophin-scheduler
  
    CHRONY DETAIL:
    STATUS=FAIL
    MESSAGE=CHRONY_NOT_FOUND
  
    KESL DETAIL:
    STATUS=FAIL
    MESSAGE=KESL_NOT_FOUND
  
    DATA DETAIL:
    STATUS=FAIL
    --- FSTAB ---
    NO_FSTAB_DATA
    --- MOUNT ---
    NO_MOUNT_DATA
    --- DF ---
    NO_DF_DATA
  
    REPORT: ./reports/dophin-scheduler/node-1.log
2026-04-08 06:44:31,837 p=32198 u=setup n=ansible | PLAY RECAP ****************************************************************************************************************************************************************************************
2026-04-08 06:44:31,837 p=32198 u=setup n=ansible | node-1                     : ok=22   changed=0    unreachable=0    failed=1    skipped=1    rescued=0    ignored=0   
2026-04-08 06:44:31,837 p=32198 u=setup n=ansible | node-2                     : ok=26   changed=0    unreachable=0    failed=1    skipped=1    rescued=0    ignored=0   
2026-04-08 06:44:31,837 p=32198 u=setup n=ansible | node-3                     : ok=22   changed=0    unreachable=0    failed=1    skipped=1    rescued=0    ignored=0   
2026-04-08 06:44:31,838 p=32198 u=setup n=ansible | node-4                     : ok=22   changed=0    unreachable=0    failed=1    skipped=1    rescued=0    ignored=0   
